<?xml version="1.0" encoding="UTF-8"?>
<testng-results ignored="0" total="1" passed="1" failed="0" skipped="0">
  <reporter-output>
  </reporter-output>
  <suite started-at="2025-09-24T11:03:30 IST" name="Default suite" finished-at="2025-09-24T11:03:30 IST" duration-ms="59">
    <groups>
    </groups>
    <test started-at="2025-09-24T11:03:30 IST" name="Default test" finished-at="2025-09-24T11:03:30 IST" duration-ms="59">
      <class name="TestNG.Class1">
        <test-method signature="openApp()[pri:0, instance:TestNG.Class1@689604d9]" started-at="2025-09-24T11:03:30 IST" name="openApp" finished-at="2025-09-24T11:03:30 IST" duration-ms="11" status="PASS">
          <reporter-output>
          </reporter-output>
        </test-method> <!-- openApp -->
      </class> <!-- TestNG.Class1 -->
    </test> <!-- Default test -->
  </suite> <!-- Default suite -->
</testng-results>
